<?xml version="1.0" encoding="UTF-8"?>
<testng-results ignored="0" total="6" passed="4" failed="2" skipped="0">
  <reporter-output>
  </reporter-output>
  <suite started-at="2024-05-02T15:37:18 IST" name="Suite" finished-at="2024-05-02T15:38:09 IST" duration-ms="50387">
    <groups>
      <group name="logout">
        <method signature="LogoutTest.verifyUserLogout()[pri:1, instance:TestCases.LogoutTest@59474f18]" name="verifyUserLogout" class="TestCases.LogoutTest"/>
      </group> <!-- logout -->
      <group name="login">
        <method signature="LoginPageTest.verifySignUpLoginLink()[pri:1, instance:TestCases.LoginPageTest@4218d6a3]" name="verifySignUpLoginLink" class="TestCases.LoginPageTest"/>
        <method signature="LoginPageTest.verifyLoginButton()[pri:2, instance:TestCases.LoginPageTest@4218d6a3]" name="verifyLoginButton" class="TestCases.LoginPageTest"/>
        <method signature="LoginPageTest.verifyLogin()[pri:3, instance:TestCases.LoginPageTest@4218d6a3]" name="verifyLogin" class="TestCases.LoginPageTest"/>
      </group> <!-- login -->
      <group name="signup">
        <method signature="SignUpPageTest.verifyButtonPresent()[pri:1, instance:TestCases.SignUpPageTest@65fb9ffc]" name="verifyButtonPresent" class="TestCases.SignUpPageTest"/>
        <method signature="SignUpPageTest.verifySignUp()[pri:2, instance:TestCases.SignUpPageTest@65fb9ffc]" name="verifySignUp" class="TestCases.SignUpPageTest"/>
      </group> <!-- signup -->
    </groups>
    <test started-at="2024-05-02T15:37:18 IST" name="Test" finished-at="2024-05-02T15:38:09 IST" duration-ms="50387">
      <class name="TestCases.LoginPageTest">
        <test-method is-config="true" signature="setUp()[pri:0, instance:TestCases.LoginPageTest@4218d6a3]" started-at="2024-05-02T15:37:18 IST" name="setUp" finished-at="2024-05-02T15:37:22 IST" duration-ms="3413" status="PASS">
          <reporter-output>
          </reporter-output>
        </test-method> <!-- setUp -->
        <test-method signature="verifySignUpLoginLink()[pri:1, instance:TestCases.LoginPageTest@4218d6a3]" started-at="2024-05-02T15:37:22 IST" name="verifySignUpLoginLink" finished-at="2024-05-02T15:37:26 IST" duration-ms="3933" status="PASS">
          <reporter-output>
          </reporter-output>
        </test-method> <!-- verifySignUpLoginLink -->
        <test-method signature="verifyLoginButton()[pri:2, instance:TestCases.LoginPageTest@4218d6a3]" started-at="2024-05-02T15:37:26 IST" name="verifyLoginButton" finished-at="2024-05-02T15:37:31 IST" duration-ms="5132" status="PASS">
          <reporter-output>
          </reporter-output>
        </test-method> <!-- verifyLoginButton -->
        <test-method signature="verifyLogin()[pri:3, instance:TestCases.LoginPageTest@4218d6a3]" started-at="2024-05-02T15:37:31 IST" name="verifyLogin" finished-at="2024-05-02T15:37:36 IST" duration-ms="5342" status="PASS">
          <reporter-output>
          </reporter-output>
        </test-method> <!-- verifyLogin -->
        <test-method is-config="true" signature="tearDown()[pri:0, instance:TestCases.LoginPageTest@4218d6a3]" started-at="2024-05-02T15:37:36 IST" name="tearDown" finished-at="2024-05-02T15:37:37 IST" duration-ms="425" status="PASS">
          <reporter-output>
          </reporter-output>
        </test-method> <!-- tearDown -->
      </class> <!-- TestCases.LoginPageTest -->
      <class name="TestCases.SignUpPageTest">
        <test-method is-config="true" signature="setUp()[pri:0, instance:TestCases.SignUpPageTest@65fb9ffc]" started-at="2024-05-02T15:37:55 IST" name="setUp" finished-at="2024-05-02T15:37:58 IST" duration-ms="2842" status="PASS">
          <reporter-output>
          </reporter-output>
        </test-method> <!-- setUp -->
        <test-method signature="verifyButtonPresent()[pri:1, instance:TestCases.SignUpPageTest@65fb9ffc]" started-at="2024-05-02T15:37:58 IST" name="verifyButtonPresent" finished-at="2024-05-02T15:38:02 IST" duration-ms="3862" status="FAIL">
          <exception class="java.lang.NullPointerException">
            <message>
              <![CDATA[Cannot invoke "utils.BasePage.takeScreenshot(String)" because "this.basePage" is null]]>
            </message>
            <full-stacktrace>
              <![CDATA[java.lang.NullPointerException: Cannot invoke "utils.BasePage.takeScreenshot(String)" because "this.basePage" is null
at TestCases.SignUpPageTest.verifyButtonPresent(SignUpPageTest.java:47)
at java.base/jdk.internal.reflect.NativeMethodAccessorImpl.invoke0(Native Method)
at java.base/jdk.internal.reflect.NativeMethodAccessorImpl.invoke(NativeMethodAccessorImpl.java:77)
at java.base/jdk.internal.reflect.DelegatingMethodAccessorImpl.invoke(DelegatingMethodAccessorImpl.java:43)
at java.base/java.lang.reflect.Method.invoke(Method.java:568)
at org.testng.internal.invokers.MethodInvocationHelper.invokeMethod(MethodInvocationHelper.java:139)
at org.testng.internal.invokers.TestInvoker.invokeMethod(TestInvoker.java:677)
at org.testng.internal.invokers.TestInvoker.invokeTestMethod(TestInvoker.java:221)
at org.testng.internal.invokers.MethodRunner.runInSequence(MethodRunner.java:50)
at org.testng.internal.invokers.TestInvoker$MethodInvocationAgent.invoke(TestInvoker.java:969)
at org.testng.internal.invokers.TestInvoker.invokeTestMethods(TestInvoker.java:194)
at org.testng.internal.invokers.TestMethodWorker.invokeTestMethods(TestMethodWorker.java:148)
at org.testng.internal.invokers.TestMethodWorker.run(TestMethodWorker.java:128)
at java.base/java.util.ArrayList.forEach(ArrayList.java:1511)
at org.testng.TestRunner.privateRun(TestRunner.java:829)
at org.testng.TestRunner.run(TestRunner.java:602)
at org.testng.SuiteRunner.runTest(SuiteRunner.java:437)
at org.testng.SuiteRunner.runSequentially(SuiteRunner.java:431)
at org.testng.SuiteRunner.privateRun(SuiteRunner.java:391)
at org.testng.SuiteRunner.run(SuiteRunner.java:330)
at org.testng.SuiteRunnerWorker.runSuite(SuiteRunnerWorker.java:52)
at org.testng.SuiteRunnerWorker.run(SuiteRunnerWorker.java:95)
at org.testng.TestNG.runSuitesSequentially(TestNG.java:1256)
at org.testng.TestNG.runSuitesLocally(TestNG.java:1176)
at org.testng.TestNG.runSuites(TestNG.java:1099)
at org.testng.TestNG.run(TestNG.java:1067)
at org.apache.maven.surefire.testng.TestNGExecutor.run(TestNGExecutor.java:308)
at org.apache.maven.surefire.testng.TestNGXmlTestSuite.execute(TestNGXmlTestSuite.java:71)
at org.apache.maven.surefire.testng.TestNGProvider.invoke(TestNGProvider.java:113)
at org.apache.maven.surefire.booter.ForkedBooter.runSuitesInProcess(ForkedBooter.java:385)
at org.apache.maven.surefire.booter.ForkedBooter.execute(ForkedBooter.java:162)
at org.apache.maven.surefire.booter.ForkedBooter.run(ForkedBooter.java:507)
at org.apache.maven.surefire.booter.ForkedBooter.main(ForkedBooter.java:495)
]]>
            </full-stacktrace>
          </exception> <!-- java.lang.NullPointerException -->
          <reporter-output>
          </reporter-output>
        </test-method> <!-- verifyButtonPresent -->
        <test-method is-config="true" signature="setUp()[pri:0, instance:TestCases.SignUpPageTest@65fb9ffc]" started-at="2024-05-02T15:38:02 IST" name="setUp" finished-at="2024-05-02T15:38:02 IST" duration-ms="8" status="PASS">
          <reporter-output>
          </reporter-output>
        </test-method> <!-- setUp -->
        <test-method signature="verifySignUp()[pri:2, instance:TestCases.SignUpPageTest@65fb9ffc]" started-at="2024-05-02T15:38:02 IST" name="verifySignUp" finished-at="2024-05-02T15:38:08 IST" duration-ms="5711" status="FAIL">
          <exception class="java.lang.NullPointerException">
            <message>
              <![CDATA[Cannot invoke "utils.BasePage.takeScreenshot(String)" because "this.basePage" is null]]>
            </message>
            <full-stacktrace>
              <![CDATA[java.lang.NullPointerException: Cannot invoke "utils.BasePage.takeScreenshot(String)" because "this.basePage" is null
at TestCases.SignUpPageTest.verifySignUp(SignUpPageTest.java:77)
at java.base/jdk.internal.reflect.NativeMethodAccessorImpl.invoke0(Native Method)
at java.base/jdk.internal.reflect.NativeMethodAccessorImpl.invoke(NativeMethodAccessorImpl.java:77)
at java.base/jdk.internal.reflect.DelegatingMethodAccessorImpl.invoke(DelegatingMethodAccessorImpl.java:43)
at java.base/java.lang.reflect.Method.invoke(Method.java:568)
at org.testng.internal.invokers.MethodInvocationHelper.invokeMethod(MethodInvocationHelper.java:139)
at org.testng.internal.invokers.TestInvoker.invokeMethod(TestInvoker.java:677)
at org.testng.internal.invokers.TestInvoker.invokeTestMethod(TestInvoker.java:221)
at org.testng.internal.invokers.MethodRunner.runInSequence(MethodRunner.java:50)
at org.testng.internal.invokers.TestInvoker$MethodInvocationAgent.invoke(TestInvoker.java:969)
at org.testng.internal.invokers.TestInvoker.invokeTestMethods(TestInvoker.java:194)
at org.testng.internal.invokers.TestMethodWorker.invokeTestMethods(TestMethodWorker.java:148)
at org.testng.internal.invokers.TestMethodWorker.run(TestMethodWorker.java:128)
at java.base/java.util.ArrayList.forEach(ArrayList.java:1511)
at org.testng.TestRunner.privateRun(TestRunner.java:829)
at org.testng.TestRunner.run(TestRunner.java:602)
at org.testng.SuiteRunner.runTest(SuiteRunner.java:437)
at org.testng.SuiteRunner.runSequentially(SuiteRunner.java:431)
at org.testng.SuiteRunner.privateRun(SuiteRunner.java:391)
at org.testng.SuiteRunner.run(SuiteRunner.java:330)
at org.testng.SuiteRunnerWorker.runSuite(SuiteRunnerWorker.java:52)
at org.testng.SuiteRunnerWorker.run(SuiteRunnerWorker.java:95)
at org.testng.TestNG.runSuitesSequentially(TestNG.java:1256)
at org.testng.TestNG.runSuitesLocally(TestNG.java:1176)
at org.testng.TestNG.runSuites(TestNG.java:1099)
at org.testng.TestNG.run(TestNG.java:1067)
at org.apache.maven.surefire.testng.TestNGExecutor.run(TestNGExecutor.java:308)
at org.apache.maven.surefire.testng.TestNGXmlTestSuite.execute(TestNGXmlTestSuite.java:71)
at org.apache.maven.surefire.testng.TestNGProvider.invoke(TestNGProvider.java:113)
at org.apache.maven.surefire.booter.ForkedBooter.runSuitesInProcess(ForkedBooter.java:385)
at org.apache.maven.surefire.booter.ForkedBooter.execute(ForkedBooter.java:162)
at org.apache.maven.surefire.booter.ForkedBooter.run(ForkedBooter.java:507)
at org.apache.maven.surefire.booter.ForkedBooter.main(ForkedBooter.java:495)
]]>
            </full-stacktrace>
          </exception> <!-- java.lang.NullPointerException -->
          <reporter-output>
          </reporter-output>
        </test-method> <!-- verifySignUp -->
        <test-method is-config="true" signature="tearDown()[pri:0, instance:TestCases.SignUpPageTest@65fb9ffc]" started-at="2024-05-02T15:38:08 IST" name="tearDown" finished-at="2024-05-02T15:38:09 IST" duration-ms="1241" status="PASS">
          <reporter-output>
          </reporter-output>
        </test-method> <!-- tearDown -->
      </class> <!-- TestCases.SignUpPageTest -->
      <class name="TestCases.LogoutTest">
        <test-method is-config="true" signature="setUp()[pri:0, instance:TestCases.LogoutTest@59474f18]" started-at="2024-05-02T15:37:37 IST" name="setUp" finished-at="2024-05-02T15:37:40 IST" duration-ms="2794" status="PASS">
          <reporter-output>
          </reporter-output>
        </test-method> <!-- setUp -->
        <test-method signature="verifyUserLogout()[pri:1, instance:TestCases.LogoutTest@59474f18]" started-at="2024-05-02T15:37:40 IST" name="verifyUserLogout" finished-at="2024-05-02T15:37:55 IST" duration-ms="15140" status="PASS">
          <reporter-output>
          </reporter-output>
        </test-method> <!-- verifyUserLogout -->
        <test-method is-config="true" signature="tearDown()[pri:0, instance:TestCases.LogoutTest@59474f18]" started-at="2024-05-02T15:37:55 IST" name="tearDown" finished-at="2024-05-02T15:37:55 IST" duration-ms="469" status="PASS">
          <reporter-output>
          </reporter-output>
        </test-method> <!-- tearDown -->
      </class> <!-- TestCases.LogoutTest -->
    </test> <!-- Test -->
  </suite> <!-- Suite -->
</testng-results>
